<?xml version="1.0" encoding="UTF-8"?>
<!-- Generated by org.testng.reporters.JUnitReportReporter -->
<testsuite hostname="GRB-RDG1WIN7915" name="com.register.test.RegisterUserTest03" tests="59" failures="0" timestamp="28 Sep 2017 11:10:43 GMT" time="875.890" errors="1">
  <testcase name="userRegistration" time="15.442" classname="com.register.test.RegisterUserTest03"/>
  <testcase name="userRegistration" time="13.986" classname="com.register.test.RegisterUserTest03"/>
  <testcase name="userRegistration" time="13.936" classname="com.register.test.RegisterUserTest03"/>
  <testcase name="userRegistration" time="14.095" classname="com.register.test.RegisterUserTest03"/>
  <testcase name="userRegistration" time="15.070" classname="com.register.test.RegisterUserTest03"/>
  <testcase name="userRegistration" time="14.373" classname="com.register.test.RegisterUserTest03"/>
  <testcase name="userRegistration" time="15.616" classname="com.register.test.RegisterUserTest03"/>
  <testcase name="userRegistration" time="14.972" classname="com.register.test.RegisterUserTest03"/>
  <testcase name="userRegistration" time="15.108" classname="com.register.test.RegisterUserTest03"/>
  <testcase name="userRegistration" time="15.835" classname="com.register.test.RegisterUserTest03"/>
  <testcase name="userRegistration" time="15.689" classname="com.register.test.RegisterUserTest03"/>
  <testcase name="userRegistration" time="14.663" classname="com.register.test.RegisterUserTest03"/>
  <testcase name="userRegistration" time="15.636" classname="com.register.test.RegisterUserTest03"/>
  <testcase name="userRegistration" time="13.926" classname="com.register.test.RegisterUserTest03"/>
  <testcase name="userRegistration" time="13.947" classname="com.register.test.RegisterUserTest03"/>
  <testcase name="userRegistration" time="14.408" classname="com.register.test.RegisterUserTest03"/>
  <testcase name="userRegistration" time="14.163" classname="com.register.test.RegisterUserTest03"/>
  <testcase name="userRegistration" time="14.512" classname="com.register.test.RegisterUserTest03"/>
  <testcase name="userRegistration" time="17.619" classname="com.register.test.RegisterUserTest03"/>
  <testcase name="userRegistration" time="16.742" classname="com.register.test.RegisterUserTest03"/>
  <testcase name="userRegistration" time="13.862" classname="com.register.test.RegisterUserTest03"/>
  <testcase name="userRegistration" time="15.742" classname="com.register.test.RegisterUserTest03"/>
  <testcase name="userRegistration" time="15.098" classname="com.register.test.RegisterUserTest03"/>
  <testcase name="userRegistration" time="15.111" classname="com.register.test.RegisterUserTest03"/>
  <testcase name="userRegistration" time="14.321" classname="com.register.test.RegisterUserTest03"/>
  <testcase name="userRegistration" time="16.130" classname="com.register.test.RegisterUserTest03"/>
  <testcase name="userRegistration" time="17.765" classname="com.register.test.RegisterUserTest03"/>
  <testcase name="userRegistration" time="14.526" classname="com.register.test.RegisterUserTest03"/>
  <testcase name="userRegistration" time="16.104" classname="com.register.test.RegisterUserTest03"/>
  <testcase name="userRegistration" time="13.911" classname="com.register.test.RegisterUserTest03"/>
  <testcase name="userRegistration" time="14.738" classname="com.register.test.RegisterUserTest03"/>
  <testcase name="userRegistration" time="14.351" classname="com.register.test.RegisterUserTest03"/>
  <testcase name="userRegistration" time="14.306" classname="com.register.test.RegisterUserTest03"/>
  <testcase name="userRegistration" time="13.629" classname="com.register.test.RegisterUserTest03"/>
  <testcase name="userRegistration" time="14.304" classname="com.register.test.RegisterUserTest03"/>
  <testcase name="userRegistration" time="14.741" classname="com.register.test.RegisterUserTest03"/>
  <testcase name="userRegistration" time="16.175" classname="com.register.test.RegisterUserTest03"/>
  <testcase name="userRegistration" time="14.196" classname="com.register.test.RegisterUserTest03"/>
  <testcase name="userRegistration" time="14.203" classname="com.register.test.RegisterUserTest03"/>
  <testcase name="userRegistration" time="14.163" classname="com.register.test.RegisterUserTest03"/>
  <testcase name="userRegistration" time="14.586" classname="com.register.test.RegisterUserTest03"/>
  <testcase name="userRegistration" time="14.583" classname="com.register.test.RegisterUserTest03"/>
  <testcase name="userRegistration" time="16.285" classname="com.register.test.RegisterUserTest03"/>
  <testcase name="userRegistration" time="15.243" classname="com.register.test.RegisterUserTest03"/>
  <testcase name="userRegistration" time="14.622" classname="com.register.test.RegisterUserTest03"/>
  <testcase name="userRegistration" time="14.637" classname="com.register.test.RegisterUserTest03"/>
  <testcase name="userRegistration" time="14.222" classname="com.register.test.RegisterUserTest03"/>
  <testcase name="userRegistration" time="14.591" classname="com.register.test.RegisterUserTest03"/>
  <testcase name="userRegistration" time="14.067" classname="com.register.test.RegisterUserTest03"/>
  <testcase name="userRegistration" time="14.253" classname="com.register.test.RegisterUserTest03"/>
  <testcase name="userRegistration" time="14.247" classname="com.register.test.RegisterUserTest03">
    <error type="org.openqa.selenium.NoSuchElementException" message="Register url not working
For documentation on this error, please visit: http://seleniumhq.org/exceptions/no_such_element.html
Build info: version: &#039;3.5.3&#039;, revision: &#039;a88d25fe6b&#039;, time: &#039;2017-08-29T12:42:44.417Z&#039;
System info: host: &#039;GRB-RDG1WIN7915&#039;, ip: &#039;172.20.17.143&#039;, os.name: &#039;Windows 7&#039;, os.arch: &#039;amd64&#039;, os.version: &#039;6.1&#039;, java.version: &#039;1.8.0_40&#039;
Driver info: driver.version: unknown">
      <![CDATA[org.openqa.selenium.NoSuchElementException: Register url not working
For documentation on this error, please visit: http://seleniumhq.org/exceptions/no_such_element.html
Build info: version: '3.5.3', revision: 'a88d25fe6b', time: '2017-08-29T12:42:44.417Z'
System info: host: 'GRB-RDG1WIN7915', ip: '172.20.17.143', os.name: 'Windows 7', os.arch: 'amd64', os.version: '6.1', java.version: '1.8.0_40'
Driver info: driver.version: unknown
	at com.register.test.RegisterUserTest03.userRegistration(RegisterUserTest03.java:173)
	at sun.reflect.GeneratedMethodAccessor5.invoke(Unknown Source)
	at sun.reflect.DelegatingMethodAccessorImpl.invoke(Unknown Source)
	at java.lang.reflect.Method.invoke(Unknown Source)
	at org.testng.internal.MethodInvocationHelper.invokeMethod(MethodInvocationHelper.java:86)
	at org.testng.internal.Invoker.invokeMethod(Invoker.java:643)
	at org.testng.internal.Invoker.invokeTestMethod(Invoker.java:820)
	at org.testng.internal.Invoker.invokeTestMethods(Invoker.java:1128)
	at org.testng.internal.TestMethodWorker.invokeTestMethods(TestMethodWorker.java:129)
	at org.testng.internal.TestMethodWorker.run(TestMethodWorker.java:112)
	at org.testng.TestRunner.privateRun(TestRunner.java:782)
	at org.testng.TestRunner.run(TestRunner.java:632)
	at org.testng.SuiteRunner.runTest(SuiteRunner.java:366)
	at org.testng.SuiteRunner.runSequentially(SuiteRunner.java:361)
	at org.testng.SuiteRunner.privateRun(SuiteRunner.java:319)
	at org.testng.SuiteRunner.run(SuiteRunner.java:268)
	at org.testng.SuiteRunnerWorker.runSuite(SuiteRunnerWorker.java:52)
	at org.testng.SuiteRunnerWorker.run(SuiteRunnerWorker.java:86)
	at org.testng.TestNG.runSuitesSequentially(TestNG.java:1244)
	at org.testng.TestNG.runSuitesLocally(TestNG.java:1169)
	at org.testng.TestNG.run(TestNG.java:1064)
	at org.testng.remote.AbstractRemoteTestNG.run(AbstractRemoteTestNG.java:132)
	at org.testng.remote.RemoteTestNG.initAndRun(RemoteTestNG.java:230)
	at org.testng.remote.RemoteTestNG.main(RemoteTestNG.java:76)
]]>
    </error>
  </testcase> <!-- userRegistration -->
  <testcase name="userRegistration" time="14.196" classname="com.register.test.RegisterUserTest03"/>
  <testcase name="userRegistration" time="13.999" classname="com.register.test.RegisterUserTest03"/>
  <testcase name="userRegistration" time="14.535" classname="com.register.test.RegisterUserTest03"/>
  <testcase name="userRegistration" time="14.136" classname="com.register.test.RegisterUserTest03"/>
  <testcase name="userRegistration" time="14.433" classname="com.register.test.RegisterUserTest03"/>
  <testcase name="userRegistration" time="14.245" classname="com.register.test.RegisterUserTest03"/>
  <testcase name="userRegistration" time="16.184" classname="com.register.test.RegisterUserTest03"/>
  <testcase name="userRegistration" time="15.712" classname="com.register.test.RegisterUserTest03"/>
</testsuite> <!-- com.register.test.RegisterUserTest03 -->
